2025-10-15 15:50:45,830 - root - INFO - Function convert_excel_to_json executed successfully
2025-10-15 15:50:47,343 - WDM - INFO - ====== WebDriver manager ======
2025-10-15 15:50:52,710 - WDM - INFO - There is no [win64] chromedriver "138.0.7204.183" for browser google-chrome "141.0.7390" in cache
2025-10-15 15:50:52,713 - urllib3.connectionpool - DEBUG - Starting new HTTPS connection (1): googlechromelabs.github.io:443
2025-10-15 15:50:52,957 - urllib3.connectionpool - DEBUG - https://googlechromelabs.github.io:443 "GET /chrome-for-testing/known-good-versions-with-downloads.json HTTP/1.1" 200 114072
2025-10-15 15:50:53,120 - WDM - INFO - WebDriver version 138.0.7204.183 selected
2025-10-15 15:50:53,139 - WDM - INFO - Modern chrome version https://storage.googleapis.com/chrome-for-testing-public/138.0.7204.183/win32/chromedriver-win32.zip
2025-10-15 15:50:53,140 - WDM - INFO - About to download new driver from https://storage.googleapis.com/chrome-for-testing-public/138.0.7204.183/win32/chromedriver-win32.zip
2025-10-15 15:50:53,141 - urllib3.connectionpool - DEBUG - Starting new HTTPS connection (1): storage.googleapis.com:443
2025-10-15 15:52:17,389 - urllib3.connectionpool - DEBUG - https://storage.googleapis.com:443 "GET /chrome-for-testing-public/138.0.7204.183/win32/chromedriver-win32.zip HTTP/1.1" 200 9047930
2025-10-15 15:52:17,390 - WDM - INFO - Driver downloading response is 200
2025-10-15 15:52:18,789 - WDM - INFO - Driver has been saved in cache [C:\Users\a514b\.wdm\drivers\chromedriver\win64\138.0.7204.183]
2025-10-15 15:52:18,791 - selenium.webdriver.common.driver_finder - DEBUG - Skipping Selenium Manager; path to chrome driver specified in Service class: C:\Users\a514b\.wdm\drivers\chromedriver\win64\138.0.7204.183\chromedriver-win32/chromedriver.exe
2025-10-15 15:52:18,976 - selenium.webdriver.common.service - DEBUG - Started executable: `C:\Users\a514b\.wdm\drivers\chromedriver\win64\138.0.7204.183\chromedriver-win32/chromedriver.exe` in a child process with pid: 6540 using 0 to output -3
2025-10-15 15:52:19,482 - selenium.webdriver.remote.remote_connection - DEBUG - POST http://localhost:62276/session {'capabilities': {'firstMatch': [{}], 'alwaysMatch': {'browserName': 'chrome', 'pageLoadStrategy': <PageLoadStrategy.normal: 'normal'>, 'goog:chromeOptions': {'excludeSwitches': ['enable-automation', 'enable-logging'], 'useAutomationExtension': False, 'extensions': [], 'binary': 'C:\\Program Files\\Google\\Chrome\\Application\\chrome.exe', 'args': ['--headless=new', '--no-sandbox', '--disable-dev-shm-usage', '--disable-gpu', '--disable-software-rasterizer', '--disable-extensions', '--disable-blink-features=AutomationControlled', '--window-size=1920,1080', '--disable-logging', '--log-level=3', '--disable-crash-reporter', '--disable-in-process-stack-traces', '--user-agent=Mozilla/5.0 (Windows NT 10.0; Win64; x64) AppleWebKit/537.36 (KHTML, like Gecko) Chrome/120.0.0.0 Safari/537.36']}}}}
2025-10-15 15:52:19,483 - urllib3.connectionpool - DEBUG - Starting new HTTP connection (1): localhost:62276
2025-10-15 15:52:19,509 - urllib3.connectionpool - DEBUG - http://localhost:62276 "POST /session HTTP/1.1" 500 0
2025-10-15 15:52:19,509 - selenium.webdriver.remote.remote_connection - DEBUG - Remote response: status=500 | data={"value":{"error":"session not created","message":"session not created: Failed to create Chrome process.","stacktrace":"\tGetHandleVerifier [0x0xacba83+63395]\n\tGetHandleVerifier [0x0xacbac4+63460]\n\t(No symbol) [0x0x912113]\n\t(No symbol) [0x0x945068]\n\t(No symbol) [0x0x9411a9]\n\t(No symbol) [0x0x98ae57]\n\t(No symbol) [0x0x98a74a]\n\t(No symbol) [0x0x97f1a6]\n\t(No symbol) [0x0x94e7b2]\n\t(No symbol) [0x0x94f654]\n\tGetHandleVerifier [0x0xd48883+2672035]\n\tGetHandleVerifier [0x0xd43cba+2652634]\n\tGetHandleVerifier [0x0xaf2bca+223466]\n\tGetHandleVerifier [0x0xae2cb8+158168]\n\tGetHandleVerifier [0x0xae978d+185517]\n\tGetHandleVerifier [0x0xad3b78+96408]\n\tGetHandleVerifier [0x0xad3d02+96802]\n\tGetHandleVerifier [0x0xabe90a+9770]\n\tBaseThreadInitThunk [0x0x76795d49+25]\n\tRtlInitializeExceptionChain [0x0x76f1d6db+107]\n\tRtlGetAppContainerNamedObjectPath [0x0x76f1d661+561]\n"}} | headers=HTTPHeaderDict({'Content-Length': '900', 'Content-Type': 'application/json; charset=utf-8', 'cache-control': 'no-cache'})
2025-10-15 15:52:19,509 - selenium.webdriver.remote.remote_connection - DEBUG - Finished Request
2025-10-15 15:52:21,560 - WDM - INFO - ====== WebDriver manager ======
2025-10-15 15:52:26,274 - WDM - INFO - Get LATEST chromedriver version for google-chrome
2025-10-15 15:52:26,275 - urllib3.connectionpool - DEBUG - Starting new HTTPS connection (1): googlechromelabs.github.io:443
2025-10-15 15:52:26,401 - urllib3.connectionpool - DEBUG - https://googlechromelabs.github.io:443 "GET /chrome-for-testing/latest-patch-versions-per-build.json HTTP/1.1" 200 13606
2025-10-15 15:52:26,417 - WDM - INFO - Get LATEST chromedriver version for google-chrome
2025-10-15 15:52:26,418 - urllib3.connectionpool - DEBUG - Starting new HTTPS connection (1): googlechromelabs.github.io:443
2025-10-15 15:52:26,517 - urllib3.connectionpool - DEBUG - https://googlechromelabs.github.io:443 "GET /chrome-for-testing/latest-patch-versions-per-build.json HTTP/1.1" 200 13606
2025-10-15 15:52:26,520 - WDM - INFO - Driver [C:\Users\a514b\.wdm\drivers\chromedriver\win64\141.0.7390.78\chromedriver-win32/chromedriver.exe] found in cache
2025-10-15 15:52:26,521 - selenium.webdriver.common.driver_finder - DEBUG - Skipping Selenium Manager; path to chrome driver specified in Service class: C:\Users\a514b\.wdm\drivers\chromedriver\win64\141.0.7390.78\chromedriver-win32/chromedriver.exe
2025-10-15 15:52:26,527 - selenium.webdriver.common.service - DEBUG - Started executable: `C:\Users\a514b\.wdm\drivers\chromedriver\win64\141.0.7390.78\chromedriver-win32/chromedriver.exe` in a child process with pid: 4208 using 0 to output -3
2025-10-15 15:52:27,040 - selenium.webdriver.remote.remote_connection - DEBUG - POST http://localhost:55402/session {'capabilities': {'firstMatch': [{}], 'alwaysMatch': {'browserName': 'chrome', 'pageLoadStrategy': <PageLoadStrategy.normal: 'normal'>, 'goog:chromeOptions': {'excludeSwitches': ['enable-automation', 'enable-logging'], 'useAutomationExtension': False, 'extensions': [], 'binary': 'C:\\Program Files\\Google\\Chrome\\Application\\chrome.exe', 'args': ['--headless=new', '--no-sandbox', '--disable-dev-shm-usage', '--disable-gpu', '--disable-software-rasterizer', '--disable-extensions', '--disable-blink-features=AutomationControlled', '--window-size=1920,1080', '--disable-logging', '--log-level=3', '--disable-crash-reporter', '--disable-in-process-stack-traces', '--user-agent=Mozilla/5.0 (Windows NT 10.0; Win64; x64) AppleWebKit/537.36 (KHTML, like Gecko) Chrome/120.0.0.0 Safari/537.36']}}}}
2025-10-15 15:52:27,040 - urllib3.connectionpool - DEBUG - Starting new HTTP connection (1): localhost:55402
2025-10-15 15:52:27,065 - urllib3.connectionpool - DEBUG - http://localhost:55402 "POST /session HTTP/1.1" 500 0
2025-10-15 15:52:27,065 - selenium.webdriver.remote.remote_connection - DEBUG - Remote response: status=500 | data={"value":{"error":"session not created","message":"session not created: Failed to create Chrome process.","stacktrace":"\tGetHandleVerifier [0x0x10ffe83+66515]\n\tGetHandleVerifier [0x0x10ffec4+66580]\n\t(No symbol) [0x0xeedc48]\n\t(No symbol) [0x0xf22be6]\n\t(No symbol) [0x0xf1ea2a]\n\t(No symbol) [0x0xf66ffc]\n\t(No symbol) [0x0xf668fa]\n\t(No symbol) [0x0xf5afc6]\n\t(No symbol) [0x0xf2c2ca]\n\t(No symbol) [0x0xf2d154]\n\tGetHandleVerifier [0x0x13573b3+2521347]\n\tGetHandleVerifier [0x0x1352333+2500739]\n\tGetHandleVerifier [0x0x1127cd4+229924]\n\tGetHandleVerifier [0x0x1118238+165768]\n\tGetHandleVerifier [0x0x111eced+193085]\n\tGetHandleVerifier [0x0x1108198+100072]\n\tGetHandleVerifier [0x0x1108330+100480]\n\tGetHandleVerifier [0x0x10f25ea+11066]\n\tBaseThreadInitThunk [0x0x76795d49+25]\n\tRtlInitializeExceptionChain [0x0x76f1d6db+107]\n\tRtlGetAppContainerNamedObjectPath [0x0x76f1d661+561]\n"}} | headers=HTTPHeaderDict({'Content-Length': '913', 'Content-Type': 'application/json; charset=utf-8', 'cache-control': 'no-cache'})
2025-10-15 15:52:27,066 - selenium.webdriver.remote.remote_connection - DEBUG - Finished Request
2025-10-15 15:52:29,085 - WDM - INFO - ====== WebDriver manager ======
2025-10-15 15:52:33,705 - WDM - INFO - Driver [C:\Users\a514b\.wdm\drivers\chromedriver\win64\138.0.7204.183\chromedriver-win32/chromedriver.exe] found in cache
2025-10-15 15:52:33,705 - selenium.webdriver.common.driver_finder - DEBUG - Skipping Selenium Manager; path to chrome driver specified in Service class: C:\Users\a514b\.wdm\drivers\chromedriver\win64\138.0.7204.183\chromedriver-win32/chromedriver.exe
2025-10-15 15:52:33,714 - selenium.webdriver.common.service - DEBUG - Started executable: `C:\Users\a514b\.wdm\drivers\chromedriver\win64\138.0.7204.183\chromedriver-win32/chromedriver.exe` in a child process with pid: 13216 using 0 to output -3
2025-10-15 15:52:34,228 - selenium.webdriver.remote.remote_connection - DEBUG - POST http://localhost:55409/session {'capabilities': {'firstMatch': [{}], 'alwaysMatch': {'browserName': 'chrome', 'pageLoadStrategy': <PageLoadStrategy.normal: 'normal'>, 'goog:chromeOptions': {'extensions': [], 'binary': 'C:\\Program Files\\Google\\Chrome\\Application\\chrome.exe', 'args': ['--headless=new', '--no-sandbox', '--disable-dev-shm-usage']}}}}
2025-10-15 15:52:34,229 - urllib3.connectionpool - DEBUG - Starting new HTTP connection (1): localhost:55409
2025-10-15 15:52:34,254 - urllib3.connectionpool - DEBUG - http://localhost:55409 "POST /session HTTP/1.1" 500 0
2025-10-15 15:52:34,255 - selenium.webdriver.remote.remote_connection - DEBUG - Remote response: status=500 | data={"value":{"error":"session not created","message":"session not created: Failed to create Chrome process.","stacktrace":"\tGetHandleVerifier [0x0xacba83+63395]\n\tGetHandleVerifier [0x0xacbac4+63460]\n\t(No symbol) [0x0x912113]\n\t(No symbol) [0x0x945068]\n\t(No symbol) [0x0x9411a9]\n\t(No symbol) [0x0x98ae57]\n\t(No symbol) [0x0x98a74a]\n\t(No symbol) [0x0x97f1a6]\n\t(No symbol) [0x0x94e7b2]\n\t(No symbol) [0x0x94f654]\n\tGetHandleVerifier [0x0xd48883+2672035]\n\tGetHandleVerifier [0x0xd43cba+2652634]\n\tGetHandleVerifier [0x0xaf2bca+223466]\n\tGetHandleVerifier [0x0xae2cb8+158168]\n\tGetHandleVerifier [0x0xae978d+185517]\n\tGetHandleVerifier [0x0xad3b78+96408]\n\tGetHandleVerifier [0x0xad3d02+96802]\n\tGetHandleVerifier [0x0xabe90a+9770]\n\tBaseThreadInitThunk [0x0x76795d49+25]\n\tRtlInitializeExceptionChain [0x0x76f1d6db+107]\n\tRtlGetAppContainerNamedObjectPath [0x0x76f1d661+561]\n"}} | headers=HTTPHeaderDict({'Content-Length': '900', 'Content-Type': 'application/json; charset=utf-8', 'cache-control': 'no-cache'})
2025-10-15 15:52:34,255 - selenium.webdriver.remote.remote_connection - DEBUG - Finished Request
2025-10-15 15:52:36,272 - root - INFO - Function write_end_time_summary executed successfully
