2025-10-15 15:47:35,431 - root - INFO - Function convert_excel_to_json executed successfully
2025-10-15 15:47:36,938 - WDM - INFO - ====== WebDriver manager ======
2025-10-15 15:47:41,610 - WDM - INFO - Get LATEST chromedriver version for google-chrome
2025-10-15 15:47:41,614 - urllib3.connectionpool - DEBUG - Starting new HTTPS connection (1): googlechromelabs.github.io:443
2025-10-15 15:47:41,727 - urllib3.connectionpool - DEBUG - https://googlechromelabs.github.io:443 "GET /chrome-for-testing/latest-patch-versions-per-build.json HTTP/1.1" 200 13606
2025-10-15 15:47:41,732 - WDM - INFO - Get LATEST chromedriver version for google-chrome
2025-10-15 15:47:41,733 - urllib3.connectionpool - DEBUG - Starting new HTTPS connection (1): googlechromelabs.github.io:443
2025-10-15 15:47:41,845 - urllib3.connectionpool - DEBUG - https://googlechromelabs.github.io:443 "GET /chrome-for-testing/latest-patch-versions-per-build.json HTTP/1.1" 200 13606
2025-10-15 15:47:41,852 - WDM - INFO - Driver [C:\Users\a514b\.wdm\drivers\chromedriver\win64\141.0.7390.78\chromedriver-win32/chromedriver.exe] found in cache
2025-10-15 15:47:41,852 - selenium.webdriver.common.driver_finder - DEBUG - Skipping Selenium Manager; path to chrome driver specified in Service class: C:\Users\a514b\.wdm\drivers\chromedriver\win64\141.0.7390.78\chromedriver-win32/chromedriver.exe
2025-10-15 15:47:41,858 - selenium.webdriver.common.service - DEBUG - Started executable: `C:\Users\a514b\.wdm\drivers\chromedriver\win64\141.0.7390.78\chromedriver-win32/chromedriver.exe` in a child process with pid: 9240 using 0 to output -3
2025-10-15 15:47:42,361 - selenium.webdriver.remote.remote_connection - DEBUG - POST http://localhost:61948/session {'capabilities': {'firstMatch': [{}], 'alwaysMatch': {'browserName': 'chrome', 'pageLoadStrategy': <PageLoadStrategy.normal: 'normal'>, 'goog:chromeOptions': {'excludeSwitches': ['enable-automation', 'enable-logging'], 'useAutomationExtension': False, 'extensions': [], 'args': ['--headless=new', '--no-sandbox', '--disable-dev-shm-usage', '--disable-gpu', '--disable-software-rasterizer', '--disable-extensions', '--disable-blink-features=AutomationControlled', '--window-size=1920,1080', '--disable-logging', '--log-level=3', '--user-agent=Mozilla/5.0 (Windows NT 10.0; Win64; x64) AppleWebKit/537.36 (KHTML, like Gecko) Chrome/120.0.0.0 Safari/537.36']}}}}
2025-10-15 15:47:42,361 - urllib3.connectionpool - DEBUG - Starting new HTTP connection (1): localhost:61948
2025-10-15 15:47:42,387 - urllib3.connectionpool - DEBUG - http://localhost:61948 "POST /session HTTP/1.1" 500 0
2025-10-15 15:47:42,387 - selenium.webdriver.remote.remote_connection - DEBUG - Remote response: status=500 | data={"value":{"error":"session not created","message":"session not created: Failed to create Chrome process.","stacktrace":"\tGetHandleVerifier [0x0x10ffe83+66515]\n\tGetHandleVerifier [0x0x10ffec4+66580]\n\t(No symbol) [0x0xeedc48]\n\t(No symbol) [0x0xf22be6]\n\t(No symbol) [0x0xf1ea2a]\n\t(No symbol) [0x0xf66ffc]\n\t(No symbol) [0x0xf668fa]\n\t(No symbol) [0x0xf5afc6]\n\t(No symbol) [0x0xf2c2ca]\n\t(No symbol) [0x0xf2d154]\n\tGetHandleVerifier [0x0x13573b3+2521347]\n\tGetHandleVerifier [0x0x1352333+2500739]\n\tGetHandleVerifier [0x0x1127cd4+229924]\n\tGetHandleVerifier [0x0x1118238+165768]\n\tGetHandleVerifier [0x0x111eced+193085]\n\tGetHandleVerifier [0x0x1108198+100072]\n\tGetHandleVerifier [0x0x1108330+100480]\n\tGetHandleVerifier [0x0x10f25ea+11066]\n\tBaseThreadInitThunk [0x0x76795d49+25]\n\tRtlInitializeExceptionChain [0x0x76f1d6db+107]\n\tRtlGetAppContainerNamedObjectPath [0x0x76f1d661+561]\n"}} | headers=HTTPHeaderDict({'Content-Length': '913', 'Content-Type': 'application/json; charset=utf-8', 'cache-control': 'no-cache'})
2025-10-15 15:47:42,388 - selenium.webdriver.remote.remote_connection - DEBUG - Finished Request
2025-10-15 15:47:44,444 - WDM - INFO - ====== WebDriver manager ======
2025-10-15 15:47:49,086 - WDM - INFO - Get LATEST chromedriver version for google-chrome
2025-10-15 15:47:49,087 - urllib3.connectionpool - DEBUG - Starting new HTTPS connection (1): googlechromelabs.github.io:443
2025-10-15 15:47:49,196 - urllib3.connectionpool - DEBUG - https://googlechromelabs.github.io:443 "GET /chrome-for-testing/latest-patch-versions-per-build.json HTTP/1.1" 200 13606
2025-10-15 15:47:49,200 - WDM - INFO - Get LATEST chromedriver version for google-chrome
2025-10-15 15:47:49,201 - urllib3.connectionpool - DEBUG - Starting new HTTPS connection (1): googlechromelabs.github.io:443
2025-10-15 15:47:49,297 - urllib3.connectionpool - DEBUG - https://googlechromelabs.github.io:443 "GET /chrome-for-testing/latest-patch-versions-per-build.json HTTP/1.1" 200 13606
2025-10-15 15:47:49,299 - WDM - INFO - Driver [C:\Users\a514b\.wdm\drivers\chromedriver\win64\141.0.7390.78\chromedriver-win32/chromedriver.exe] found in cache
2025-10-15 15:47:49,299 - selenium.webdriver.common.driver_finder - DEBUG - Skipping Selenium Manager; path to chrome driver specified in Service class: C:\Users\a514b\.wdm\drivers\chromedriver\win64\141.0.7390.78\chromedriver-win32/chromedriver.exe
2025-10-15 15:47:49,306 - selenium.webdriver.common.service - DEBUG - Started executable: `C:\Users\a514b\.wdm\drivers\chromedriver\win64\141.0.7390.78\chromedriver-win32/chromedriver.exe` in a child process with pid: 6812 using 0 to output -3
2025-10-15 15:47:49,810 - selenium.webdriver.remote.remote_connection - DEBUG - POST http://localhost:61956/session {'capabilities': {'firstMatch': [{}], 'alwaysMatch': {'browserName': 'chrome', 'pageLoadStrategy': <PageLoadStrategy.normal: 'normal'>, 'goog:chromeOptions': {'extensions': [], 'args': ['--headless=new', '--no-sandbox', '--disable-dev-shm-usage']}}}}
2025-10-15 15:47:49,811 - urllib3.connectionpool - DEBUG - Starting new HTTP connection (1): localhost:61956
2025-10-15 15:47:49,838 - urllib3.connectionpool - DEBUG - http://localhost:61956 "POST /session HTTP/1.1" 500 0
2025-10-15 15:47:49,839 - selenium.webdriver.remote.remote_connection - DEBUG - Remote response: status=500 | data={"value":{"error":"session not created","message":"session not created: Failed to create Chrome process.","stacktrace":"\tGetHandleVerifier [0x0x10ffe83+66515]\n\tGetHandleVerifier [0x0x10ffec4+66580]\n\t(No symbol) [0x0xeedc48]\n\t(No symbol) [0x0xf22be6]\n\t(No symbol) [0x0xf1ea2a]\n\t(No symbol) [0x0xf66ffc]\n\t(No symbol) [0x0xf668fa]\n\t(No symbol) [0x0xf5afc6]\n\t(No symbol) [0x0xf2c2ca]\n\t(No symbol) [0x0xf2d154]\n\tGetHandleVerifier [0x0x13573b3+2521347]\n\tGetHandleVerifier [0x0x1352333+2500739]\n\tGetHandleVerifier [0x0x1127cd4+229924]\n\tGetHandleVerifier [0x0x1118238+165768]\n\tGetHandleVerifier [0x0x111eced+193085]\n\tGetHandleVerifier [0x0x1108198+100072]\n\tGetHandleVerifier [0x0x1108330+100480]\n\tGetHandleVerifier [0x0x10f25ea+11066]\n\tBaseThreadInitThunk [0x0x76795d49+25]\n\tRtlInitializeExceptionChain [0x0x76f1d6db+107]\n\tRtlGetAppContainerNamedObjectPath [0x0x76f1d661+561]\n"}} | headers=HTTPHeaderDict({'Content-Length': '913', 'Content-Type': 'application/json; charset=utf-8', 'cache-control': 'no-cache'})
2025-10-15 15:47:49,839 - selenium.webdriver.remote.remote_connection - DEBUG - Finished Request
2025-10-15 15:47:51,871 - root - INFO - Function write_end_time_summary executed successfully
