2025-10-15 16:06:37,510 - root - INFO - Function convert_excel_to_json executed successfully
2025-10-15 16:06:39,031 - WDM - INFO - ====== WebDriver manager ======
2025-10-15 16:06:49,334 - WDM - INFO - Get LATEST chromedriver version for google-chrome
2025-10-15 16:06:49,338 - urllib3.connectionpool - DEBUG - Starting new HTTPS connection (1): googlechromelabs.github.io:443
2025-10-15 16:06:49,441 - urllib3.connectionpool - DEBUG - https://googlechromelabs.github.io:443 "GET /chrome-for-testing/latest-patch-versions-per-build.json HTTP/1.1" 200 13606
2025-10-15 16:06:49,451 - WDM - INFO - Get LATEST chromedriver version for google-chrome
2025-10-15 16:06:49,452 - urllib3.connectionpool - DEBUG - Starting new HTTPS connection (1): googlechromelabs.github.io:443
2025-10-15 16:06:49,553 - urllib3.connectionpool - DEBUG - https://googlechromelabs.github.io:443 "GET /chrome-for-testing/latest-patch-versions-per-build.json HTTP/1.1" 200 13606
2025-10-15 16:06:49,559 - WDM - INFO - There is no [win64] chromedriver "141.0.7390.78" for browser google-chrome "141.0.7390" in cache
2025-10-15 16:06:49,560 - WDM - INFO - Get LATEST chromedriver version for google-chrome
2025-10-15 16:06:49,562 - urllib3.connectionpool - DEBUG - Starting new HTTPS connection (1): googlechromelabs.github.io:443
2025-10-15 16:06:49,681 - urllib3.connectionpool - DEBUG - https://googlechromelabs.github.io:443 "GET /chrome-for-testing/latest-patch-versions-per-build.json HTTP/1.1" 200 13606
2025-10-15 16:06:49,684 - urllib3.connectionpool - DEBUG - Starting new HTTPS connection (1): googlechromelabs.github.io:443
2025-10-15 16:06:49,838 - urllib3.connectionpool - DEBUG - https://googlechromelabs.github.io:443 "GET /chrome-for-testing/known-good-versions-with-downloads.json HTTP/1.1" 200 114072
2025-10-15 16:06:49,980 - WDM - INFO - WebDriver version 141.0.7390.78 selected
2025-10-15 16:06:49,985 - WDM - INFO - Modern chrome version https://storage.googleapis.com/chrome-for-testing-public/141.0.7390.78/win32/chromedriver-win32.zip
2025-10-15 16:06:49,985 - WDM - INFO - About to download new driver from https://storage.googleapis.com/chrome-for-testing-public/141.0.7390.78/win32/chromedriver-win32.zip
2025-10-15 16:06:49,987 - urllib3.connectionpool - DEBUG - Starting new HTTPS connection (1): storage.googleapis.com:443
2025-10-15 16:08:14,256 - urllib3.connectionpool - DEBUG - https://storage.googleapis.com:443 "GET /chrome-for-testing-public/141.0.7390.78/win32/chromedriver-win32.zip HTTP/1.1" 200 8830313
2025-10-15 16:08:14,256 - WDM - INFO - Driver downloading response is 200
2025-10-15 16:08:15,232 - WDM - INFO - Get LATEST chromedriver version for google-chrome
2025-10-15 16:08:15,235 - urllib3.connectionpool - DEBUG - Starting new HTTPS connection (1): googlechromelabs.github.io:443
2025-10-15 16:08:15,331 - urllib3.connectionpool - DEBUG - https://googlechromelabs.github.io:443 "GET /chrome-for-testing/latest-patch-versions-per-build.json HTTP/1.1" 200 13606
2025-10-15 16:08:15,522 - WDM - INFO - Driver has been saved in cache [C:\Users\a514b\.wdm\drivers\chromedriver\win64\141.0.7390.78]
2025-10-15 16:08:15,525 - selenium.webdriver.common.driver_finder - DEBUG - Skipping Selenium Manager; path to chrome driver specified in Service class: C:\Users\a514b\.wdm\drivers\chromedriver\win64\141.0.7390.78\chromedriver-win32/chromedriver.exe
2025-10-15 16:08:16,711 - selenium.webdriver.common.service - DEBUG - Started executable: `C:\Users\a514b\.wdm\drivers\chromedriver\win64\141.0.7390.78\chromedriver-win32/chromedriver.exe` in a child process with pid: 10428 using 0 to output -3
2025-10-15 16:08:17,222 - selenium.webdriver.remote.remote_connection - DEBUG - POST http://localhost:64056/session {'capabilities': {'firstMatch': [{}], 'alwaysMatch': {'browserName': 'chrome', 'pageLoadStrategy': <PageLoadStrategy.normal: 'normal'>, 'goog:chromeOptions': {'extensions': [], 'args': ['--headless=new', '--no-sandbox', '--disable-dev-shm-usage', '--disable-gpu', '--window-size=1920,1080']}}}}
2025-10-15 16:08:17,223 - urllib3.connectionpool - DEBUG - Starting new HTTP connection (1): localhost:64056
2025-10-15 16:08:17,252 - urllib3.connectionpool - DEBUG - http://localhost:64056 "POST /session HTTP/1.1" 500 0
2025-10-15 16:08:17,252 - selenium.webdriver.remote.remote_connection - DEBUG - Remote response: status=500 | data={"value":{"error":"session not created","message":"session not created: Failed to create Chrome process.","stacktrace":"\tGetHandleVerifier [0x0xbdfe83+66515]\n\tGetHandleVerifier [0x0xbdfec4+66580]\n\t(No symbol) [0x0x9cdc48]\n\t(No symbol) [0x0xa02be6]\n\t(No symbol) [0x0x9fea2a]\n\t(No symbol) [0x0xa46ffc]\n\t(No symbol) [0x0xa468fa]\n\t(No symbol) [0x0xa3afc6]\n\t(No symbol) [0x0xa0c2ca]\n\t(No symbol) [0x0xa0d154]\n\tGetHandleVerifier [0x0xe373b3+2521347]\n\tGetHandleVerifier [0x0xe32333+2500739]\n\tGetHandleVerifier [0x0xc07cd4+229924]\n\tGetHandleVerifier [0x0xbf8238+165768]\n\tGetHandleVerifier [0x0xbfeced+193085]\n\tGetHandleVerifier [0x0xbe8198+100072]\n\tGetHandleVerifier [0x0xbe8330+100480]\n\tGetHandleVerifier [0x0xbd25ea+11066]\n\tBaseThreadInitThunk [0x0x76795d49+25]\n\tRtlInitializeExceptionChain [0x0x76f1d6db+107]\n\tRtlGetAppContainerNamedObjectPath [0x0x76f1d661+561]\n"}} | headers=HTTPHeaderDict({'Content-Length': '903', 'Content-Type': 'application/json; charset=utf-8', 'cache-control': 'no-cache'})
2025-10-15 16:08:17,252 - selenium.webdriver.remote.remote_connection - DEBUG - Finished Request
2025-10-15 16:08:19,311 - root - INFO - Function write_end_time_summary executed successfully
