2025-10-15 18:35:41,309 - root - INFO - Function convert_excel_to_json executed successfully
2025-10-15 18:35:41,309 - asyncio - DEBUG - Using proactor: IocpProactor
2025-10-15 18:35:41,310 - root - INFO - Function actions_instagram executed successfully
2025-10-15 18:35:52,142 - urllib3.connectionpool - DEBUG - Starting new HTTPS connection (1): www.instagram.com:443
2025-10-15 18:35:52,562 - urllib3.connectionpool - DEBUG - https://www.instagram.com:443 "GET /api/v1/users/web_profile_info/?username=ahmadnurbrasta2.2 HTTP/1.1" 200 3137
2025-10-15 18:35:52,563 - public_request - DEBUG - public_request 200: https://www.instagram.com/api/v1/users/web_profile_info/?username=ahmadnurbrasta2.2
2025-10-15 18:35:52,563 - public_request - INFO - [None] [200] GET https://www.instagram.com/api/v1/users/web_profile_info/?username=ahmadnurbrasta2.2
2025-10-15 18:35:52,563 - instagrapi - ERROR - extract_user_gql() got an unexpected keyword argument 'update_headers'
Traceback (most recent call last):
  File "C:\Users\mdirg\AppData\Local\Programs\Python\Python313\Lib\site-packages\instagrapi\mixins\user.py", line 203, in user_info_by_username
    user = self.user_info_by_username_gql(username)
  File "C:\Users\mdirg\AppData\Local\Programs\Python\Python313\Lib\site-packages\instagrapi\mixins\user.py", line 155, in user_info_by_username_gql
    data = extract_user_gql(json.loads(self.public_request(f'https://www.instagram.com/api/v1/users/web_profile_info/?username={username}', headers=temporary_public_headers))['data']['user'], update_headers=update_headers)
TypeError: extract_user_gql() got an unexpected keyword argument 'update_headers'
2025-10-15 18:35:59,121 - instagrapi - INFO - https://i.instagram.com/api/v1/users/ahmadnurbrasta2.2/usernameinfo/
2025-10-15 18:35:59,123 - urllib3.connectionpool - DEBUG - Starting new HTTPS connection (1): i.instagram.com:443
2025-10-15 18:35:59,450 - urllib3.connectionpool - DEBUG - https://i.instagram.com:443 "GET /api/v1/users/ahmadnurbrasta2.2/usernameinfo/ HTTP/1.1" 403 136
2025-10-15 18:35:59,450 - instagrapi - DEBUG - private_request 403: https://i.instagram.com/api/v1/users/ahmadnurbrasta2.2/usernameinfo/ ({"message":"login_required","error_title":"You've Been Logged Out","error_body":"Please log back in.","logout_reason":8,"status":"fail"})
2025-10-15 18:35:59,450 - private_request - INFO - None [403] GET https://i.instagram.com/api/v1/users/ahmadnurbrasta2.2/usernameinfo/ (269.0.0.18.75, OnePlus 6T Dev)
2025-10-15 18:36:05,026 - urllib3.connectionpool - DEBUG - https://www.instagram.com:443 "GET /api/v1/users/web_profile_info/?username=ahmadnurbrasta2.2 HTTP/1.1" 200 3133
2025-10-15 18:36:05,028 - public_request - DEBUG - public_request 200: https://www.instagram.com/api/v1/users/web_profile_info/?username=ahmadnurbrasta2.2
2025-10-15 18:36:05,028 - public_request - INFO - [None] [200] GET https://www.instagram.com/api/v1/users/web_profile_info/?username=ahmadnurbrasta2.2
2025-10-15 18:36:05,028 - instagrapi - ERROR - extract_user_gql() got an unexpected keyword argument 'update_headers'
Traceback (most recent call last):
  File "C:\Users\mdirg\AppData\Local\Programs\Python\Python313\Lib\site-packages\instagrapi\mixins\user.py", line 203, in user_info_by_username
    user = self.user_info_by_username_gql(username)
  File "C:\Users\mdirg\AppData\Local\Programs\Python\Python313\Lib\site-packages\instagrapi\mixins\user.py", line 155, in user_info_by_username_gql
    data = extract_user_gql(json.loads(self.public_request(f'https://www.instagram.com/api/v1/users/web_profile_info/?username={username}', headers=temporary_public_headers))['data']['user'], update_headers=update_headers)
TypeError: extract_user_gql() got an unexpected keyword argument 'update_headers'

During handling of the above exception, another exception occurred:

Traceback (most recent call last):
  File "C:\Users\mdirg\AppData\Local\Programs\Python\Python313\Lib\site-packages\instagrapi\mixins\private.py", line 359, in _send_private_request
    response.raise_for_status()
    ~~~~~~~~~~~~~~~~~~~~~~~~~^^
  File "C:\Users\mdirg\AppData\Local\Programs\Python\Python313\Lib\site-packages\requests\models.py", line 1026, in raise_for_status
    raise HTTPError(http_error_msg, response=self)
requests.exceptions.HTTPError: 403 Client Error: Forbidden for url: https://i.instagram.com/api/v1/users/ahmadnurbrasta2.2/usernameinfo/

During handling of the above exception, another exception occurred:

Traceback (most recent call last):
  File "C:\Users\mdirg\Github\migrasiplaywright12345\module\envinstagram.py", line 53, in send_message
    user_id = cl.user_id_from_username(username)
  File "C:\Users\mdirg\AppData\Local\Programs\Python\Python313\Lib\site-packages\instagrapi\mixins\user.py", line 58, in user_id_from_username
    return str(self.user_info_by_username(username).pk)
               ~~~~~~~~~~~~~~~~~~~~~~~~~~^^^^^^^^^^
  File "C:\Users\mdirg\AppData\Local\Programs\Python\Python313\Lib\site-packages\instagrapi\mixins\user.py", line 211, in user_info_by_username
    user = self.user_info_by_username_v1(username)
  File "C:\Users\mdirg\AppData\Local\Programs\Python\Python313\Lib\site-packages\instagrapi\mixins\user.py", line 180, in user_info_by_username_v1
    raise e
  File "C:\Users\mdirg\AppData\Local\Programs\Python\Python313\Lib\site-packages\instagrapi\mixins\user.py", line 174, in user_info_by_username_v1
    result = self.private_request(f"users/{username}/usernameinfo/")
  File "C:\Users\mdirg\AppData\Local\Programs\Python\Python313\Lib\site-packages\instagrapi\mixins\private.py", line 550, in private_request
    raise e
  File "C:\Users\mdirg\AppData\Local\Programs\Python\Python313\Lib\site-packages\instagrapi\mixins\private.py", line 535, in private_request
    self._send_private_request(endpoint, **kwargs)
    ~~~~~~~~~~~~~~~~~~~~~~~~~~^^^^^^^^^^^^^^^^^^^^
  File "C:\Users\mdirg\AppData\Local\Programs\Python\Python313\Lib\site-packages\instagrapi\mixins\private.py", line 385, in _send_private_request
    raise LoginRequired(response=e.response, **last_json)
instagrapi.exceptions.LoginRequired: login_required

During handling of the above exception, another exception occurred:

Traceback (most recent call last):
  File "C:\Users\mdirg\AppData\Local\Programs\Python\Python313\Lib\site-packages\instagrapi\mixins\user.py", line 203, in user_info_by_username
    user = self.user_info_by_username_gql(username)
  File "C:\Users\mdirg\AppData\Local\Programs\Python\Python313\Lib\site-packages\instagrapi\mixins\user.py", line 155, in user_info_by_username_gql
    data = extract_user_gql(json.loads(self.public_request(f'https://www.instagram.com/api/v1/users/web_profile_info/?username={username}', headers=temporary_public_headers))['data']['user'], update_headers=update_headers)
TypeError: extract_user_gql() got an unexpected keyword argument 'update_headers'
2025-10-15 18:36:09,924 - instagrapi - INFO - https://i.instagram.com/api/v1/users/ahmadnurbrasta2.2/usernameinfo/
2025-10-15 18:36:10,164 - urllib3.connectionpool - DEBUG - https://i.instagram.com:443 "GET /api/v1/users/ahmadnurbrasta2.2/usernameinfo/ HTTP/1.1" 403 136
2025-10-15 18:36:10,164 - instagrapi - DEBUG - private_request 403: https://i.instagram.com/api/v1/users/ahmadnurbrasta2.2/usernameinfo/ ({"message":"login_required","error_title":"You've Been Logged Out","error_body":"Please log back in.","logout_reason":8,"status":"fail"})
2025-10-15 18:36:10,165 - private_request - INFO - None [403] GET https://i.instagram.com/api/v1/users/ahmadnurbrasta2.2/usernameinfo/ (269.0.0.18.75, OnePlus 6T Dev)
2025-10-15 18:36:18,125 - urllib3.connectionpool - DEBUG - https://www.instagram.com:443 "GET /api/v1/users/web_profile_info/?username=ahmadnurbrasta2.2 HTTP/1.1" 200 3223
2025-10-15 18:36:18,126 - public_request - DEBUG - public_request 200: https://www.instagram.com/api/v1/users/web_profile_info/?username=ahmadnurbrasta2.2
2025-10-15 18:36:18,126 - public_request - INFO - [None] [200] GET https://www.instagram.com/api/v1/users/web_profile_info/?username=ahmadnurbrasta2.2
2025-10-15 18:36:18,126 - instagrapi - ERROR - extract_user_gql() got an unexpected keyword argument 'update_headers'
Traceback (most recent call last):
  File "C:\Users\mdirg\AppData\Local\Programs\Python\Python313\Lib\site-packages\instagrapi\mixins\user.py", line 203, in user_info_by_username
    user = self.user_info_by_username_gql(username)
  File "C:\Users\mdirg\AppData\Local\Programs\Python\Python313\Lib\site-packages\instagrapi\mixins\user.py", line 155, in user_info_by_username_gql
    data = extract_user_gql(json.loads(self.public_request(f'https://www.instagram.com/api/v1/users/web_profile_info/?username={username}', headers=temporary_public_headers))['data']['user'], update_headers=update_headers)
TypeError: extract_user_gql() got an unexpected keyword argument 'update_headers'
2025-10-15 18:36:25,230 - instagrapi - INFO - https://i.instagram.com/api/v1/users/ahmadnurbrasta2.2/usernameinfo/
2025-10-15 18:36:25,475 - urllib3.connectionpool - DEBUG - https://i.instagram.com:443 "GET /api/v1/users/ahmadnurbrasta2.2/usernameinfo/ HTTP/1.1" 403 136
2025-10-15 18:36:25,476 - instagrapi - DEBUG - private_request 403: https://i.instagram.com/api/v1/users/ahmadnurbrasta2.2/usernameinfo/ ({"message":"login_required","error_title":"You've Been Logged Out","error_body":"Please log back in.","logout_reason":8,"status":"fail"})
2025-10-15 18:36:25,476 - private_request - INFO - None [403] GET https://i.instagram.com/api/v1/users/ahmadnurbrasta2.2/usernameinfo/ (269.0.0.18.75, OnePlus 6T Dev)
2025-10-15 18:36:30,405 - urllib3.connectionpool - DEBUG - https://www.instagram.com:443 "GET /api/v1/users/web_profile_info/?username=ahmadnurbrasta2.2 HTTP/1.1" 200 3255
2025-10-15 18:36:30,406 - public_request - DEBUG - public_request 200: https://www.instagram.com/api/v1/users/web_profile_info/?username=ahmadnurbrasta2.2
2025-10-15 18:36:30,406 - public_request - INFO - [None] [200] GET https://www.instagram.com/api/v1/users/web_profile_info/?username=ahmadnurbrasta2.2
2025-10-15 18:36:30,406 - instagrapi - ERROR - extract_user_gql() got an unexpected keyword argument 'update_headers'
Traceback (most recent call last):
  File "C:\Users\mdirg\AppData\Local\Programs\Python\Python313\Lib\site-packages\instagrapi\mixins\user.py", line 203, in user_info_by_username
    user = self.user_info_by_username_gql(username)
  File "C:\Users\mdirg\AppData\Local\Programs\Python\Python313\Lib\site-packages\instagrapi\mixins\user.py", line 155, in user_info_by_username_gql
    data = extract_user_gql(json.loads(self.public_request(f'https://www.instagram.com/api/v1/users/web_profile_info/?username={username}', headers=temporary_public_headers))['data']['user'], update_headers=update_headers)
TypeError: extract_user_gql() got an unexpected keyword argument 'update_headers'

During handling of the above exception, another exception occurred:

Traceback (most recent call last):
  File "C:\Users\mdirg\AppData\Local\Programs\Python\Python313\Lib\site-packages\instagrapi\mixins\private.py", line 359, in _send_private_request
    response.raise_for_status()
    ~~~~~~~~~~~~~~~~~~~~~~~~~^^
  File "C:\Users\mdirg\AppData\Local\Programs\Python\Python313\Lib\site-packages\requests\models.py", line 1026, in raise_for_status
    raise HTTPError(http_error_msg, response=self)
requests.exceptions.HTTPError: 403 Client Error: Forbidden for url: https://i.instagram.com/api/v1/users/ahmadnurbrasta2.2/usernameinfo/

During handling of the above exception, another exception occurred:

Traceback (most recent call last):
  File "C:\Users\mdirg\Github\migrasiplaywright12345\module\envinstagram.py", line 53, in send_message
    user_id = cl.user_id_from_username(username)
  File "C:\Users\mdirg\AppData\Local\Programs\Python\Python313\Lib\site-packages\instagrapi\mixins\user.py", line 58, in user_id_from_username
    return str(self.user_info_by_username(username).pk)
               ~~~~~~~~~~~~~~~~~~~~~~~~~~^^^^^^^^^^
  File "C:\Users\mdirg\AppData\Local\Programs\Python\Python313\Lib\site-packages\instagrapi\mixins\user.py", line 211, in user_info_by_username
    user = self.user_info_by_username_v1(username)
  File "C:\Users\mdirg\AppData\Local\Programs\Python\Python313\Lib\site-packages\instagrapi\mixins\user.py", line 180, in user_info_by_username_v1
    raise e
  File "C:\Users\mdirg\AppData\Local\Programs\Python\Python313\Lib\site-packages\instagrapi\mixins\user.py", line 174, in user_info_by_username_v1
    result = self.private_request(f"users/{username}/usernameinfo/")
  File "C:\Users\mdirg\AppData\Local\Programs\Python\Python313\Lib\site-packages\instagrapi\mixins\private.py", line 550, in private_request
    raise e
  File "C:\Users\mdirg\AppData\Local\Programs\Python\Python313\Lib\site-packages\instagrapi\mixins\private.py", line 535, in private_request
    self._send_private_request(endpoint, **kwargs)
    ~~~~~~~~~~~~~~~~~~~~~~~~~~^^^^^^^^^^^^^^^^^^^^
  File "C:\Users\mdirg\AppData\Local\Programs\Python\Python313\Lib\site-packages\instagrapi\mixins\private.py", line 385, in _send_private_request
    raise LoginRequired(response=e.response, **last_json)
instagrapi.exceptions.LoginRequired: login_required

During handling of the above exception, another exception occurred:

Traceback (most recent call last):
  File "C:\Users\mdirg\AppData\Local\Programs\Python\Python313\Lib\site-packages\instagrapi\mixins\user.py", line 203, in user_info_by_username
    user = self.user_info_by_username_gql(username)
  File "C:\Users\mdirg\AppData\Local\Programs\Python\Python313\Lib\site-packages\instagrapi\mixins\user.py", line 155, in user_info_by_username_gql
    data = extract_user_gql(json.loads(self.public_request(f'https://www.instagram.com/api/v1/users/web_profile_info/?username={username}', headers=temporary_public_headers))['data']['user'], update_headers=update_headers)
TypeError: extract_user_gql() got an unexpected keyword argument 'update_headers'
2025-10-15 18:36:33,150 - root - INFO - Function write_end_time_summary executed successfully
